<?xml version="1.0" encoding="UTF-8"?>
<testsuite name="se.sdaproject.LinkedListTests" tests="1" skipped="0" failures="0" errors="0" timestamp="2021-03-08T13:58:58" hostname="SDA-Lund-67-mbpro" time="0.03">
  <properties/>
  <testcase name="searchMethod()" classname="se.sdaproject.LinkedListTests" time="0.03"/>
  <system-out><![CDATA[]]></system-out>
  <system-err><![CDATA[]]></system-err>
</testsuite>
