<?xml version="1.0" encoding="UTF-8"?>
<testsuite name="se.sdaproject.LinkedListTests" tests="3" skipped="0" failures="0" errors="0" timestamp="2021-03-08T13:16:30" hostname="SDA-Lund-67-mbpro" time="0.049">
  <properties/>
  <testcase name="addANumberToList()" classname="se.sdaproject.LinkedListTests" time="0.042"/>
  <testcase name="addsTwoNumbers()" classname="se.sdaproject.LinkedListTests" time="0.001"/>
  <testcase name="testToStringOfEmptyList()" classname="se.sdaproject.LinkedListTests" time="0.004"/>
  <system-out><![CDATA[]]></system-out>
  <system-err><![CDATA[]]></system-err>
</testsuite>
